app/build/intermediates/manifest_merge_blame_file/debug/manifest-merger-blame-debug-report.txt
1<?xml version="1.0" encoding="utf-8"?>
2<manifest xmlns:android="http://schemas.android.com/apk/res/android"
3    package="com.example.senseit"
4    android:versionCode="1"
5    android:versionName="1.0" >
6
7    <uses-sdk
8        android:minSdkVersion="16"
8-->src\main\AndroidManifest.xml
9        android:targetSdkVersion="30" />
9-->src\main\AndroidManifest.xml
10
11    <uses-permission android:name="android.permission.WRITE_EXTERNAL_STORAGE" />
11-->src\main\AndroidManifest.xml:5:5-81
11-->src\main\AndroidManifest.xml:5:22-78
12    <uses-permission android:name="android.permission.MANAGE_EXTERNAL_STORAGE" />
12-->src\main\AndroidManifest.xml:6:5-82
12-->src\main\AndroidManifest.xml:6:22-79
13    <uses-permission android:name="android.permission.FOREGROUND_SERVICE" />
13-->src\main\AndroidManifest.xml:7:5-77
13-->src\main\AndroidManifest.xml:7:22-74
14    <uses-permission android:name="android.permission.REQUEST_IGNORE_BATTERY_OPTIMIZATIONS" />
14-->src\main\AndroidManifest.xml:8:5-94
14-->src\main\AndroidManifest.xml:8:22-92
15    <uses-permission android:name="android.permission.WAKE_LOCK" />
15-->src\main\AndroidManifest.xml:9:5-68
15-->src\main\AndroidManifest.xml:9:22-65
16    <uses-permission android:name="android.permission.BODY_SENSORS" />
16-->src\main\AndroidManifest.xml:10:5-71
16-->src\main\AndroidManifest.xml:10:22-68
17    <uses-permission android:name="android.permission.INTERNET" />
17-->src\main\AndroidManifest.xml:11:5-67
17-->src\main\AndroidManifest.xml:11:22-64
18    <uses-permission android:name="android.permission.ACCESS_NETWORK_STATE" />
18-->src\main\AndroidManifest.xml:12:5-79
18-->src\main\AndroidManifest.xml:12:22-76
19
20    <application
20-->src\main\AndroidManifest.xml:13:5-39:19
21        android:name="com.example.senseit.Globe"
21-->src\main\AndroidManifest.xml:14:9-30
22        android:allowBackup="true"
22-->src\main\AndroidManifest.xml:15:9-35
23        android:appComponentFactory="androidx.core.app.CoreComponentFactory"
23-->[androidx.core:core:1.3.1] AndroidManifest.xml:24:18-86
24        android:debuggable="true"
25        android:icon="@mipmap/ic_launcher"
25-->src\main\AndroidManifest.xml:16:9-43
26        android:label="@string/app_name"
26-->src\main\AndroidManifest.xml:17:9-41
27        android:roundIcon="@mipmap/ic_launcher_round"
27-->src\main\AndroidManifest.xml:18:9-54
28        android:supportsRtl="true"
28-->src\main\AndroidManifest.xml:19:9-35
29        android:theme="@style/Theme.Senseit" >
29-->src\main\AndroidManifest.xml:20:9-45
30        <activity
30-->src\main\AndroidManifest.xml:21:9-26:20
31            android:name="com.example.senseit.HistoryActivity"
31-->src\main\AndroidManifest.xml:22:13-44
32            android:parentActivityName="com.example.senseit.MainActivity" >
32-->src\main\AndroidManifest.xml:23:13-55
33            <meta-data
33-->src\main\AndroidManifest.xml:24:13-25:71
34                android:name="android.support.PARENT_ACTIVITY"
34-->src\main\AndroidManifest.xml:24:24-70
35                android:value="com.example.senseit.HistoryActivity" />
35-->src\main\AndroidManifest.xml:25:17-68
36        </activity>
37        <activity
37-->src\main\AndroidManifest.xml:27:9-35:20
38            android:name="com.example.senseit.MainActivity"
38-->src\main\AndroidManifest.xml:27:19-47
39            android:taskAffinity="" >
39-->src\main\AndroidManifest.xml:28:13-36
40            <intent-filter>
40-->src\main\AndroidManifest.xml:30:13-34:29
41                <action android:name="android.intent.action.MAIN" />
41-->src\main\AndroidManifest.xml:31:17-69
41-->src\main\AndroidManifest.xml:31:25-66
42
43                <category android:name="android.intent.category.LAUNCHER" />
43-->src\main\AndroidManifest.xml:33:17-77
43-->src\main\AndroidManifest.xml:33:27-74
44            </intent-filter>
45        </activity>
46
47        <service android:name="com.example.senseit.ForegroundProcess" />
47-->src\main\AndroidManifest.xml:38:9-54
47-->src\main\AndroidManifest.xml:38:18-51
48    </application>
49
50</manifest>